2020-11-06 09:59:38,378 INFO notifyConnectTimeout:200

2020-11-06 09:59:38,395 INFO notifySocketTimeout:8000

2020-11-06 09:59:38,395 INFO isHealthCheck:true

2020-11-06 09:59:38,395 INFO maxHealthCheckFailCount:12

2020-11-06 09:59:38,395 INFO maxContent:10485760

2020-11-06 09:59:44,861 INFO use local db service for init

2020-11-06 09:59:46,594 WARN Lexical error at line 4, column 66.  Encountered: <EOF> after : "".

2020-11-06 09:59:46,619 WARN Syntax error: Encountered "*" at line 1, column 1.

2020-11-06 09:59:46,743 WARN Table/View 'CONFIG_INFO' already exists in Schema 'NACOS'.

2020-11-06 09:59:46,934 WARN Table/View 'HIS_CONFIG_INFO' already exists in Schema 'NACOS'.

2020-11-06 09:59:46,999 WARN Table/View 'CONFIG_INFO_BETA' already exists in Schema 'NACOS'.

2020-11-06 09:59:47,061 WARN Table/View 'CONFIG_INFO_TAG' already exists in Schema 'NACOS'.

2020-11-06 09:59:47,117 WARN Table/View 'CONFIG_INFO_AGGR' already exists in Schema 'NACOS'.

2020-11-06 09:59:47,185 WARN Table/View 'APP_LIST' already exists in Schema 'NACOS'.

2020-11-06 09:59:47,250 WARN Table/View 'APP_CONFIGDATA_RELATION_SUBS' already exists in Schema 'NACOS'.

2020-11-06 09:59:47,317 WARN Table/View 'APP_CONFIGDATA_RELATION_PUBS' already exists in Schema 'NACOS'.

2020-11-06 09:59:47,386 WARN Table/View 'CONFIG_TAGS_RELATION' already exists in Schema 'NACOS'.

2020-11-06 09:59:47,463 WARN Table/View 'GROUP_CAPACITY' already exists in Schema 'NACOS'.

2020-11-06 09:59:47,525 WARN Table/View 'TENANT_CAPACITY' already exists in Schema 'NACOS'.

2020-11-06 09:59:47,593 WARN Table/View 'TENANT_INFO' already exists in Schema 'NACOS'.

2020-11-06 09:59:47,661 WARN Table/View 'USERS' already exists in Schema 'NACOS'.

2020-11-06 09:59:47,728 WARN Table/View 'ROLES' already exists in Schema 'NACOS'.

2020-11-06 09:59:47,785 WARN Table/View 'PERMISSIONS' already exists in Schema 'NACOS'.

2020-11-06 09:59:47,893 WARN The statement was aborted because it would have caused a duplicate key value in a unique or primary key constraint or unique index identified by 'SQL201103112636740' defined on 'USERS'.

2020-11-06 09:59:47,898 WARN The statement was aborted because it would have caused a duplicate key value in a unique or primary key constraint or unique index identified by 'UK_USERNAME_ROLE' defined on 'ROLES'.

2020-11-06 09:59:47,899 INFO use StandaloneDatabaseOperateImpl

2020-11-06 09:59:49,609 WARN DumpService start

2020-11-06 09:59:49,616 INFO start clear all config-info.

2020-11-06 09:59:49,623 WARN clear all config-info failed.

2020-11-06 09:59:49,623 WARN clear all config-info-tenant failed.

2020-11-06 09:59:49,826 INFO [all-dump] 297922030711689216 / 297922030711689216

2020-11-06 09:59:49,826 INFO start clear all config-info-beta.

2020-11-06 09:59:49,826 WARN clear all config-info-beta failed.

2020-11-06 09:59:49,827 WARN clear all config-info-beta-tenant failed.

2020-11-06 09:59:49,930 INFO start clear all config-info-tag.

2020-11-06 09:59:49,931 WARN clear all config-info-tag failed.

2020-11-06 09:59:49,931 WARN clear all config-info-tag-tenant failed.

