2020-11-06 10:00:19,954 INFO PERFORMANCE:|0|0|-1|-1

2020-11-06 10:05:19,957 INFO PERFORMANCE:|0|0|-1|-1

2020-11-06 10:10:19,959 INFO PERFORMANCE:|2|2|-1|-1

2020-11-06 10:15:19,960 INFO PERFORMANCE:|2|2|-1|-1

2020-11-06 10:20:19,962 INFO PERFORMANCE:|2|2|-1|-1

2020-11-06 10:25:19,963 INFO PERFORMANCE:|2|2|-1|-1

2020-11-06 10:30:19,964 INFO PERFORMANCE:|2|1|-1|-1

2020-11-06 10:35:19,966 INFO PERFORMANCE:|1|1|-1|-1

2020-11-06 10:40:19,968 INFO PERFORMANCE:|2|2|-1|-1

2020-11-06 10:45:19,969 INFO PERFORMANCE:|2|2|-1|-1

2020-11-06 10:50:19,971 INFO PERFORMANCE:|1|1|-1|-1

2020-11-06 10:55:19,972 INFO PERFORMANCE:|1|1|-1|-1

2020-11-06 11:00:19,974 INFO PERFORMANCE:|2|2|-1|-1

2020-11-06 11:05:19,976 INFO PERFORMANCE:|2|2|-1|-1

2020-11-06 11:10:19,977 INFO PERFORMANCE:|3|3|-1|-1

2020-11-06 11:15:19,987 INFO PERFORMANCE:|3|3|-1|-1

2020-11-06 11:20:19,989 INFO PERFORMANCE:|3|3|-1|-1

2020-11-06 11:25:19,991 INFO PERFORMANCE:|3|3|-1|-1

2020-11-06 11:30:19,992 INFO PERFORMANCE:|3|2|-1|-1

2020-11-06 11:35:20,000 INFO PERFORMANCE:|2|2|-1|-1

2020-11-06 11:40:20,001 INFO PERFORMANCE:|2|2|-1|-1

2020-11-06 11:45:20,010 INFO PERFORMANCE:|2|2|-1|-1

2020-11-06 11:50:20,011 INFO PERFORMANCE:|2|2|-1|-1

2020-11-06 11:55:20,086 INFO PERFORMANCE:|2|2|-1|-1

2020-11-06 12:00:20,088 INFO PERFORMANCE:|2|2|-1|-1

2020-11-06 12:05:20,089 INFO PERFORMANCE:|2|2|-1|-1

2020-11-06 12:10:20,091 INFO PERFORMANCE:|2|2|-1|-1

2020-11-06 12:15:20,092 INFO PERFORMANCE:|2|2|-1|-1

2020-11-06 12:20:20,094 INFO PERFORMANCE:|2|2|-1|-1

2020-11-06 12:25:20,095 INFO PERFORMANCE:|2|2|-1|-1

2020-11-06 12:30:20,097 INFO PERFORMANCE:|2|2|-1|-1

2020-11-06 12:35:20,098 INFO PERFORMANCE:|2|2|-1|-1

2020-11-06 12:40:20,112 INFO PERFORMANCE:|2|2|-1|-1

2020-11-06 12:45:20,113 INFO PERFORMANCE:|2|2|-1|-1

2020-11-06 12:50:20,115 INFO PERFORMANCE:|2|2|-1|-1

2020-11-06 12:55:20,116 INFO PERFORMANCE:|2|2|-1|-1

2020-11-06 13:00:20,134 INFO PERFORMANCE:|2|2|-1|-1

2020-11-06 13:05:20,135 INFO PERFORMANCE:|2|2|-1|-1

2020-11-06 13:10:20,136 INFO PERFORMANCE:|2|2|-1|-1

2020-11-06 13:15:20,154 INFO PERFORMANCE:|2|2|-1|-1

2020-11-06 13:20:20,163 INFO PERFORMANCE:|2|2|-1|-1

2020-11-06 13:25:20,165 INFO PERFORMANCE:|2|2|-1|-1

2020-11-06 13:30:20,167 INFO PERFORMANCE:|2|2|-1|-1

2020-11-06 13:35:20,169 INFO PERFORMANCE:|2|2|-1|-1

2020-11-06 13:40:20,170 INFO PERFORMANCE:|2|2|-1|-1

2020-11-06 13:45:20,171 INFO PERFORMANCE:|2|2|-1|-1

2020-11-06 13:50:20,172 INFO PERFORMANCE:|2|2|-1|-1

2020-11-06 13:55:20,173 INFO PERFORMANCE:|2|2|-1|-1

2020-11-06 14:00:20,174 INFO PERFORMANCE:|2|2|-1|-1

2020-11-06 14:05:20,176 INFO PERFORMANCE:|2|2|-1|-1

2020-11-06 14:10:20,177 INFO PERFORMANCE:|2|2|-1|-1

2020-11-06 14:15:20,178 INFO PERFORMANCE:|2|2|-1|-1

2020-11-06 14:20:20,180 INFO PERFORMANCE:|2|2|-1|-1

2020-11-06 14:25:20,181 INFO PERFORMANCE:|2|2|-1|-1

2020-11-06 14:30:20,183 INFO PERFORMANCE:|2|2|-1|-1

2020-11-06 14:35:20,184 INFO PERFORMANCE:|2|2|-1|-1

2020-11-06 14:40:20,186 INFO PERFORMANCE:|2|2|-1|-1

2020-11-06 14:45:20,187 INFO PERFORMANCE:|1|1|-1|-1

2020-11-06 14:50:20,189 INFO PERFORMANCE:|2|3|-1|-1

2020-11-06 14:55:20,191 INFO PERFORMANCE:|2|3|-1|-1

2020-11-06 15:00:20,192 INFO PERFORMANCE:|2|2|-1|-1

2020-11-06 15:05:20,194 INFO PERFORMANCE:|2|3|-1|-1

2020-11-06 15:10:20,208 INFO PERFORMANCE:|2|2|-1|-1

2020-11-06 15:15:20,210 INFO PERFORMANCE:|2|3|-1|-1

2020-11-06 15:20:20,211 INFO PERFORMANCE:|2|3|-1|-1

2020-11-06 15:25:20,213 INFO PERFORMANCE:|2|3|-1|-1

2020-11-06 15:30:20,234 INFO PERFORMANCE:|2|3|-1|-1

2020-11-06 15:35:20,235 INFO PERFORMANCE:|2|3|-1|-1

2020-11-06 15:40:20,236 INFO PERFORMANCE:|2|3|-1|-1

2020-11-06 15:45:20,238 INFO PERFORMANCE:|2|3|-1|-1

2020-11-06 15:50:20,239 INFO PERFORMANCE:|2|3|-1|-1

2020-11-06 15:55:20,239 INFO PERFORMANCE:|2|2|-1|-1

2020-11-06 16:00:20,241 INFO PERFORMANCE:|1|2|-1|-1

2020-11-06 16:05:20,243 INFO PERFORMANCE:|2|3|-1|-1

2020-11-06 16:10:20,245 INFO PERFORMANCE:|2|3|-1|-1

2020-11-06 16:15:20,246 INFO PERFORMANCE:|2|3|-1|-1

2020-11-06 16:20:20,247 INFO PERFORMANCE:|2|3|-1|-1

2020-11-06 16:25:20,248 INFO PERFORMANCE:|2|3|-1|-1

2020-11-06 16:30:20,249 INFO PERFORMANCE:|0|0|-1|-1

2020-11-06 16:35:20,250 INFO PERFORMANCE:|0|0|-1|-1

2020-11-06 16:40:20,251 INFO PERFORMANCE:|0|0|-1|-1

